ðŸŽ¯ CLEAN MINIMAL STARTUP - 400GB HEAP
======================================
ðŸ“Š System RAM: 881GB
ðŸ”§ Environment variables set for minimal mode
ðŸš€ Starting Node.js with DIRECT memory flags...
==============================================
ðŸ”­ OBSERVATION-ONLY MODE STARTUP
============================================================
ðŸ’¾ HEAP VERIFICATION:
   System RAM: 881GB
   Node Heap Limit: 406.00GB
   Target: 400GB
âœ… Heap allocation successful

ðŸ”¥ MINIMAL SERVICE LOADING:
   Loading ONLY observation mode essentials...
[3137785:0x6bbf430]       54 ms: Scavenge 4.6 (4.7) -> 4.1 (5.7) MB, 0.76 / 0.00 ms  (average mu = 1.000, current mu = 1.000) allocation failure; 
[3137785:0x6bbf430]       67 ms: Scavenge 4.9 (6.0) -> 4.5 (6.7) MB, 0.77 / 0.00 ms  (average mu = 1.000, current mu = 1.000) allocation failure; 
[3137785:0x6bbf430]       95 ms: Scavenge 6.1 (7.2) -> 5.8 (10.0) MB, 0.95 / 0.00 ms  (average mu = 1.000, current mu = 1.000) allocation failure; 
   âœ… Minimal database connection
ðŸš« BLOCKED interval in observation mode
ðŸ“Š System Health Reporter started (reports every 5 minutes)
   âœ… Health reporter active

============================================================
ðŸ“Š SYSTEM HEALTH REPORT
============================================================
ðŸ• Generated: 11/1/2025, 1:53:12 PM
â±ï¸ Uptime: 0 minutes

ðŸ’¾ SYSTEM RESOURCES:
   Heap: 7MB / 10MB (70%)
   Errors: 0

ðŸ“‹ HOAI COMPLIANCE:
   Score: 96%
   Grade: A+

ðŸ—ï¸ CONSTRUCTION COHERENCE:
   Specialist Coherence: 0.0%
   Knowledge Synced: âœ—

ðŸ“ˆ OVERALL STATUS:
   System Health: âœ… HEALTHY
   Observation Mode: ðŸ”­ ACTIVE
============================================================

ðŸ›ï¸ ServiceRegistry initialized
ðŸš« BLOCKED interval in observation mode
ðŸ”­ SystemObservationController: Initialized
ðŸŽ¯ OnDemandActivator: Initialized
   âœ… OnDemand activator ready

============================================================
ðŸ”’ ENFORCING OBSERVATION MODE
============================================================
ðŸ›‘ Step 1: Stopping registered components...
ðŸ›‘ Step 2: Clearing all intervals...
   âœ… Cleared 0 intervals
ðŸ›‘ Step 3: Clearing long timeouts...
   âœ… Cleared 0 long timeouts
ðŸ›‘ Step 4: Removing event listeners...
   âœ… Removed 0 event listeners
ðŸ›‘ Step 5: Forcing garbage collection...
[3137785:0x6bbf430]      140 ms: Mark-Compact 7.5 (10.2) -> 5.8 (11.2) MB, 6.47 / 0.00 ms  (average mu = 1.000, current mu = 1.000) testing; GC in old space requested
   âœ… Garbage collection complete
ðŸš« Blocking new interval creation in observation mode

ðŸ“Š Enforcement Statistics:
   Intervals killed: 0
   Timeouts killed: 0
   Listeners removed: 0
   Components stopped: 0

âœ… OBSERVATION MODE ENFORCED
ðŸ”­ System is now in TRUE IDLE state
============================================================

   âœ… Observation mode enforced

============================================================
ðŸŽ‰ CONSTRUCTION SYNDICATE IN TRUE OBSERVATION MODE
============================================================
âœ… Ultra-minimal startup complete
ðŸ”­ True idle mode active (NO background processes)
ðŸ‘‚ Waiting for user instructions via OnDemandActivator
ðŸ“Š Health reports every 5 minutes only
ðŸ“Š Target: <2 logs per minute achieved
ðŸ’¾ Heap allocation verified
============================================================

ðŸ“Š FINAL SYSTEM STATUS:
   Heap Limit: 406.00GB
   Heap Used: 5.86MB
   Services Loaded: 3 (database, health, activator)
   Background Processes: 1 (health reporter only)
ðŸš« Blocking new interval creation in observation mode

âœ… Observation mode startup complete - system in true idle state
